<?xml version="1.0" encoding="UTF-8"?>
<!-- Generated by org.testng.reporters.JUnitReportReporter -->
<testsuite hostname="Bujuku" failures="0" tests="3" name="com.simplilearn.Selenium.RegistrationPageTest" time="4.629" errors="0" timestamp="2024-01-26T13:24:33 IST" skipped="0">
  <testcase classname="com.simplilearn.Selenium.RegistrationPageTest" name="registrationPageTest" time="4.581"/>
  <testcase classname="com.simplilearn.Selenium.RegistrationPageTest" name="homePageSOurceUrlTest" time="0.024"/>
  <testcase classname="com.simplilearn.Selenium.RegistrationPageTest" name="homePageTitleTest" time="0.024"/>
</testsuite> <!-- com.simplilearn.Selenium.RegistrationPageTest -->
