<?xml version="1.0" encoding="UTF-8"?>
<!-- Generated by org.testng.reporters.JUnitReportReporter -->
<testsuite hostname="Bujuku" failures="0" tests="3" name="com.simplilearn.Selenium.LoginPageTest" time="4.595" errors="0" timestamp="2024-01-26T13:18:25 IST" skipped="0">
  <testcase classname="com.simplilearn.Selenium.LoginPageTest" name="loginPageTitleTest" time="4.569"/>
  <testcase classname="com.simplilearn.Selenium.LoginPageTest" name="loginPageSOurceUrlTest" time="0.013"/>
  <testcase classname="com.simplilearn.Selenium.LoginPageTest" name="loginPageTitleTest2" time="0.013"/>
</testsuite> <!-- com.simplilearn.Selenium.LoginPageTest -->
