<?xml version="1.0" encoding="UTF-8"?>
<!-- Generated by org.testng.reporters.JUnitReportReporter -->
<testsuite hostname="Bujuku" failures="0" tests="3" name="com.simplilearn.Selenium.PlaceOrderTest" time="6.672" errors="0" timestamp="2024-01-26T13:32:24 IST" skipped="0">
  <testcase classname="com.simplilearn.Selenium.PlaceOrderTest" name="addCartPageTest" time="6.627"/>
  <testcase classname="com.simplilearn.Selenium.PlaceOrderTest" name="addCartPageSOurceUrlTest" time="0.017"/>
  <testcase classname="com.simplilearn.Selenium.PlaceOrderTest" name="homePageTitleTest" time="0.028"/>
</testsuite> <!-- com.simplilearn.Selenium.PlaceOrderTest -->
