<?xml version="1.0" encoding="UTF-8"?>
<!-- Generated by org.testng.reporters.JUnitReportReporter -->
<testsuite hostname="Bujuku" failures="0" tests="1" name="com.simplilearn.Selenium.SearchProductPageTest" time="6.643" errors="0" timestamp="2024-01-26T14:42:31 IST" skipped="0">
  <testcase classname="com.simplilearn.Selenium.SearchProductPageTest" name="addCartPageTest" time="6.643"/>
</testsuite> <!-- com.simplilearn.Selenium.SearchProductPageTest -->
