<?xml version="1.0" encoding="UTF-8"?>
<!-- Generated by org.testng.reporters.JUnitReportReporter -->
<testsuite hostname="Bujuku" failures="0" tests="3" name="com.simplilearn.Selenium.AddProductToCartPageTest" time="6.725" errors="0" timestamp="2024-01-26T13:30:34 IST" skipped="0">
  <testcase classname="com.simplilearn.Selenium.AddProductToCartPageTest" name="addCartPageTest" time="6.686"/>
  <testcase classname="com.simplilearn.Selenium.AddProductToCartPageTest" name="addCartPageSOurceUrlTest" time="0.017"/>
  <testcase classname="com.simplilearn.Selenium.AddProductToCartPageTest" name="homePageTitleTest" time="0.022"/>
</testsuite> <!-- com.simplilearn.Selenium.AddProductToCartPageTest -->
