<?xml version="1.0" encoding="UTF-8"?>
<!-- Generated by org.testng.reporters.JUnitReportReporter -->
<testsuite hostname="Bujuku" failures="0" tests="1" name="com.simplilearn.restassured.AddProduct" time="2.531" errors="0" timestamp="2024-01-26T13:03:17 IST" skipped="0">
  <testcase classname="com.simplilearn.restassured.AddProduct" name="testAddProduct" time="2.531"/>
</testsuite> <!-- com.simplilearn.restassured.AddProduct -->
