<?xml version="1.0" encoding="UTF-8"?>
<!-- Generated by org.testng.reporters.JUnitReportReporter -->
<testsuite hostname="Bujuku" failures="0" tests="1" name="com.simplilearn.restassured.GetUsers" time="0.070" errors="0" timestamp="2024-01-26T13:03:17 IST" skipped="0">
  <testcase classname="com.simplilearn.restassured.GetUsers" name="testGetusers" time="0.070"/>
</testsuite> <!-- com.simplilearn.restassured.GetUsers -->
